<?xml version="1.0" encoding="UTF-8"?>
<testng-results ignored="0" total="1" passed="1" failed="0" skipped="0">
  <reporter-output>
  </reporter-output>
  <suite started-at="2024-02-25T04:42:27Z" name="Default suite" finished-at="2024-02-25T04:42:33Z" duration-ms="5785">
    <groups>
    </groups>
    <test started-at="2024-02-25T04:42:27Z" name="Default test" finished-at="2024-02-25T04:42:33Z" duration-ms="5785">
      <class name="apiAutomationPractice.DynamicJson">
        <test-method signature="addBook()[pri:0, instance:apiAutomationPractice.DynamicJson@7dfb0c0f]" started-at="2024-02-25T04:42:27Z" name="addBook" finished-at="2024-02-25T04:42:33Z" duration-ms="5747" status="PASS">
          <reporter-output>
          </reporter-output>
        </test-method> <!-- addBook -->
      </class> <!-- apiAutomationPractice.DynamicJson -->
    </test> <!-- Default test -->
  </suite> <!-- Default suite -->
</testng-results>
